<?xml version="1.0" encoding="UTF-8"?>
<!-- Generated by org.testng.reporters.JUnitReportReporter -->
<testsuite hostname="Deshan" failures="0" tests="1" name="com.qa.listeners_extentreports.tests.UI_Page_Test" time="13.097" errors="0" timestamp="09 Jun 2021 16:23:13 GMT" skipped="0">
  <testcase classname="com.qa.listeners_extentreports.tests.UI_Page_Test" name="inputTest" time="13.097"/>
</testsuite> <!-- com.qa.listeners_extentreports.tests.UI_Page_Test -->
