<?xml version="1.0" encoding="UTF-8"?>
<!-- Generated by org.testng.reporters.JUnitReportReporter -->
<testsuite hostname="Deshan" failures="0" tests="1" name="com.qa.listeners_extentreports.tests.LoginPage_Test" time="1.854" errors="0" timestamp="09 Jun 2021 17:27:11 GMT" skipped="0">
  <testcase classname="com.qa.listeners_extentreports.tests.LoginPage_Test" name="loginTest" time="1.854"/>
</testsuite> <!-- com.qa.listeners_extentreports.tests.LoginPage_Test -->
